<?xml version="1.0" encoding="UTF-8"?>
<testsuite xmlns:xsi="http://www.w3.org/2001/XMLSchema-instance" xsi:noNamespaceSchemaLocation="https://maven.apache.org/surefire/maven-surefire-plugin/xsd/surefire-test-report-3.0.xsd" version="3.0" name="RunnerTest" time="0.551" tests="10" errors="0" skipped="0" failures="0">
  <properties>
    <property name="java.specification.version" value="18"/>
    <property name="sun.jnu.encoding" value="UTF-8"/>
    <property name="java.class.path" value="/home/daffahilmyf/Documents/Program/Java/Simple-Project-MKPL/target/test-classes:/home/daffahilmyf/Documents/Program/Java/Simple-Project-MKPL/target/classes:/home/daffahilmyf/.m2/repository/junit/junit/4.13.2/junit-4.13.2.jar:/home/daffahilmyf/.m2/repository/org/hamcrest/hamcrest-core/1.3/hamcrest-core-1.3.jar:/home/daffahilmyf/.m2/repository/io/cucumber/cucumber-junit/7.0.0/cucumber-junit-7.0.0.jar:/home/daffahilmyf/.m2/repository/org/apiguardian/apiguardian-api/1.1.2/apiguardian-api-1.1.2.jar:/home/daffahilmyf/.m2/repository/io/cucumber/cucumber-core/7.0.0/cucumber-core-7.0.0.jar:/home/daffahilmyf/.m2/repository/io/cucumber/cucumber-gherkin/7.0.0/cucumber-gherkin-7.0.0.jar:/home/daffahilmyf/.m2/repository/io/cucumber/cucumber-gherkin-messages/7.0.0/cucumber-gherkin-messages-7.0.0.jar:/home/daffahilmyf/.m2/repository/io/cucumber/messages/17.1.1/messages-17.1.1.jar:/home/daffahilmyf/.m2/repository/io/cucumber/tag-expressions/4.0.2/tag-expressions-4.0.2.jar:/home/daffahilmyf/.m2/repository/io/cucumber/cucumber-expressions/13.0.1/cucumber-expressions-13.0.1.jar:/home/daffahilmyf/.m2/repository/io/cucumber/datatable/7.0.0/datatable-7.0.0.jar:/home/daffahilmyf/.m2/repository/io/cucumber/cucumber-plugin/7.0.0/cucumber-plugin-7.0.0.jar:/home/daffahilmyf/.m2/repository/io/cucumber/docstring/7.0.0/docstring-7.0.0.jar:/home/daffahilmyf/.m2/repository/io/cucumber/html-formatter/17.0.0/html-formatter-17.0.0.jar:/home/daffahilmyf/.m2/repository/io/cucumber/create-meta/6.0.1/create-meta-6.0.1.jar:/home/daffahilmyf/.m2/repository/io/cucumber/cucumber-java/7.3.3/cucumber-java-7.3.3.jar:/home/daffahilmyf/.m2/repository/org/apache/maven/plugins/maven-surefire-plugin/3.0.0-M7/maven-surefire-plugin-3.0.0-M7.jar:/home/daffahilmyf/.m2/repository/org/apache/maven/surefire/maven-surefire-common/3.0.0-M7/maven-surefire-common-3.0.0-M7.jar:/home/daffahilmyf/.m2/repository/org/apache/maven/surefire/surefire-api/3.0.0-M7/surefire-api-3.0.0-M7.jar:/home/daffahilmyf/.m2/repository/org/apache/maven/surefire/surefire-logger-api/3.0.0-M7/surefire-logger-api-3.0.0-M7.jar:/home/daffahilmyf/.m2/repository/org/apache/maven/surefire/surefire-extensions-api/3.0.0-M7/surefire-extensions-api-3.0.0-M7.jar:/home/daffahilmyf/.m2/repository/org/apache/maven/surefire/surefire-booter/3.0.0-M7/surefire-booter-3.0.0-M7.jar:/home/daffahilmyf/.m2/repository/org/apache/maven/surefire/surefire-extensions-spi/3.0.0-M7/surefire-extensions-spi-3.0.0-M7.jar:/home/daffahilmyf/.m2/repository/org/apache/maven/shared/maven-common-artifact-filters/3.1.1/maven-common-artifact-filters-3.1.1.jar:/home/daffahilmyf/.m2/repository/org/apache/maven/maven-artifact/3.1.0/maven-artifact-3.1.0.jar:/home/daffahilmyf/.m2/repository/org/codehaus/plexus/plexus-utils/3.0.10/plexus-utils-3.0.10.jar:/home/daffahilmyf/.m2/repository/org/apache/maven/maven-core/3.1.0/maven-core-3.1.0.jar:/home/daffahilmyf/.m2/repository/org/apache/maven/maven-settings/3.1.0/maven-settings-3.1.0.jar:/home/daffahilmyf/.m2/repository/org/apache/maven/maven-settings-builder/3.1.0/maven-settings-builder-3.1.0.jar:/home/daffahilmyf/.m2/repository/org/apache/maven/maven-repository-metadata/3.1.0/maven-repository-metadata-3.1.0.jar:/home/daffahilmyf/.m2/repository/org/apache/maven/maven-model-builder/3.1.0/maven-model-builder-3.1.0.jar:/home/daffahilmyf/.m2/repository/org/apache/maven/maven-aether-provider/3.1.0/maven-aether-provider-3.1.0.jar:/home/daffahilmyf/.m2/repository/org/eclipse/aether/aether-spi/0.9.0.M2/aether-spi-0.9.0.M2.jar:/home/daffahilmyf/.m2/repository/org/eclipse/aether/aether-impl/0.9.0.M2/aether-impl-0.9.0.M2.jar:/home/daffahilmyf/.m2/repository/org/eclipse/aether/aether-api/0.9.0.M2/aether-api-0.9.0.M2.jar:/home/daffahilmyf/.m2/repository/org/eclipse/aether/aether-util/0.9.0.M2/aether-util-0.9.0.M2.jar:/home/daffahilmyf/.m2/repository/org/eclipse/sisu/org.eclipse.sisu.plexus/0.0.0.M2a/org.eclipse.sisu.plexus-0.0.0.M2a.jar:/home/daffahilmyf/.m2/repository/javax/enterprise/cdi-api/1.0/cdi-api-1.0.jar:/home/daffahilmyf/.m2/repository/javax/annotation/jsr250-api/1.0/jsr250-api-1.0.jar:/home/daffahilmyf/.m2/repository/javax/inject/javax.inject/1/javax.inject-1.jar:/home/daffahilmyf/.m2/repository/com/google/guava/guava/10.0.1/guava-10.0.1.jar:/home/daffahilmyf/.m2/repository/com/google/code/findbugs/jsr305/1.3.9/jsr305-1.3.9.jar:/home/daffahilmyf/.m2/repository/org/sonatype/sisu/sisu-guice/3.1.0/sisu-guice-3.1.0-no_aop.jar:/home/daffahilmyf/.m2/repository/aopalliance/aopalliance/1.0/aopalliance-1.0.jar:/home/daffahilmyf/.m2/repository/org/eclipse/sisu/org.eclipse.sisu.inject/0.0.0.M2a/org.eclipse.sisu.inject-0.0.0.M2a.jar:/home/daffahilmyf/.m2/repository/asm/asm/3.3.1/asm-3.3.1.jar:/home/daffahilmyf/.m2/repository/org/codehaus/plexus/plexus-interpolation/1.16/plexus-interpolation-1.16.jar:/home/daffahilmyf/.m2/repository/org/codehaus/plexus/plexus-classworlds/2.4.2/plexus-classworlds-2.4.2.jar:/home/daffahilmyf/.m2/repository/org/codehaus/plexus/plexus-component-annotations/1.5.5/plexus-component-annotations-1.5.5.jar:/home/daffahilmyf/.m2/repository/org/sonatype/plexus/plexus-sec-dispatcher/1.3/plexus-sec-dispatcher-1.3.jar:/home/daffahilmyf/.m2/repository/org/sonatype/plexus/plexus-cipher/1.4/plexus-cipher-1.4.jar:/home/daffahilmyf/.m2/repository/org/apache/maven/maven-plugin-api/3.1.0/maven-plugin-api-3.1.0.jar:/home/daffahilmyf/.m2/repository/commons-io/commons-io/2.6/commons-io-2.6.jar:/home/daffahilmyf/.m2/repository/org/codehaus/plexus/plexus-java/1.1.1/plexus-java-1.1.1.jar:/home/daffahilmyf/.m2/repository/org/ow2/asm/asm/9.2/asm-9.2.jar:/home/daffahilmyf/.m2/repository/com/thoughtworks/qdox/qdox/2.0.1/qdox-2.0.1.jar:/home/daffahilmyf/.m2/repository/org/apache/maven/surefire/surefire-shared-utils/3.0.0-M7/surefire-shared-utils-3.0.0-M7.jar:"/>
    <property name="java.vm.vendor" value="Oracle Corporation"/>
    <property name="sun.arch.data.model" value="64"/>
    <property name="java.vendor.url" value="https://java.oracle.com/"/>
    <property name="os.name" value="Linux"/>
    <property name="java.vm.specification.version" value="18"/>
    <property name="sun.java.launcher" value="SUN_STANDARD"/>
    <property name="user.country" value="US"/>
    <property name="sun.boot.library.path" value="/usr/lib/jvm/jdk-18/lib"/>
    <property name="sun.java.command" value="/home/daffahilmyf/Documents/Program/Java/Simple-Project-MKPL/target/surefire/surefirebooter-20220624190817217_3.jar /home/daffahilmyf/Documents/Program/Java/Simple-Project-MKPL/target/surefire 2022-06-24T19-08-16_977-jvmRun1 surefire-20220624190817217_1tmp surefire_0-20220624190817217_2tmp"/>
    <property name="jdk.debug" value="release"/>
    <property name="surefire.test.class.path" value="/home/daffahilmyf/Documents/Program/Java/Simple-Project-MKPL/target/test-classes:/home/daffahilmyf/Documents/Program/Java/Simple-Project-MKPL/target/classes:/home/daffahilmyf/.m2/repository/junit/junit/4.13.2/junit-4.13.2.jar:/home/daffahilmyf/.m2/repository/org/hamcrest/hamcrest-core/1.3/hamcrest-core-1.3.jar:/home/daffahilmyf/.m2/repository/io/cucumber/cucumber-junit/7.0.0/cucumber-junit-7.0.0.jar:/home/daffahilmyf/.m2/repository/org/apiguardian/apiguardian-api/1.1.2/apiguardian-api-1.1.2.jar:/home/daffahilmyf/.m2/repository/io/cucumber/cucumber-core/7.0.0/cucumber-core-7.0.0.jar:/home/daffahilmyf/.m2/repository/io/cucumber/cucumber-gherkin/7.0.0/cucumber-gherkin-7.0.0.jar:/home/daffahilmyf/.m2/repository/io/cucumber/cucumber-gherkin-messages/7.0.0/cucumber-gherkin-messages-7.0.0.jar:/home/daffahilmyf/.m2/repository/io/cucumber/messages/17.1.1/messages-17.1.1.jar:/home/daffahilmyf/.m2/repository/io/cucumber/tag-expressions/4.0.2/tag-expressions-4.0.2.jar:/home/daffahilmyf/.m2/repository/io/cucumber/cucumber-expressions/13.0.1/cucumber-expressions-13.0.1.jar:/home/daffahilmyf/.m2/repository/io/cucumber/datatable/7.0.0/datatable-7.0.0.jar:/home/daffahilmyf/.m2/repository/io/cucumber/cucumber-plugin/7.0.0/cucumber-plugin-7.0.0.jar:/home/daffahilmyf/.m2/repository/io/cucumber/docstring/7.0.0/docstring-7.0.0.jar:/home/daffahilmyf/.m2/repository/io/cucumber/html-formatter/17.0.0/html-formatter-17.0.0.jar:/home/daffahilmyf/.m2/repository/io/cucumber/create-meta/6.0.1/create-meta-6.0.1.jar:/home/daffahilmyf/.m2/repository/io/cucumber/cucumber-java/7.3.3/cucumber-java-7.3.3.jar:/home/daffahilmyf/.m2/repository/org/apache/maven/plugins/maven-surefire-plugin/3.0.0-M7/maven-surefire-plugin-3.0.0-M7.jar:/home/daffahilmyf/.m2/repository/org/apache/maven/surefire/maven-surefire-common/3.0.0-M7/maven-surefire-common-3.0.0-M7.jar:/home/daffahilmyf/.m2/repository/org/apache/maven/surefire/surefire-api/3.0.0-M7/surefire-api-3.0.0-M7.jar:/home/daffahilmyf/.m2/repository/org/apache/maven/surefire/surefire-logger-api/3.0.0-M7/surefire-logger-api-3.0.0-M7.jar:/home/daffahilmyf/.m2/repository/org/apache/maven/surefire/surefire-extensions-api/3.0.0-M7/surefire-extensions-api-3.0.0-M7.jar:/home/daffahilmyf/.m2/repository/org/apache/maven/surefire/surefire-booter/3.0.0-M7/surefire-booter-3.0.0-M7.jar:/home/daffahilmyf/.m2/repository/org/apache/maven/surefire/surefire-extensions-spi/3.0.0-M7/surefire-extensions-spi-3.0.0-M7.jar:/home/daffahilmyf/.m2/repository/org/apache/maven/shared/maven-common-artifact-filters/3.1.1/maven-common-artifact-filters-3.1.1.jar:/home/daffahilmyf/.m2/repository/org/apache/maven/maven-artifact/3.1.0/maven-artifact-3.1.0.jar:/home/daffahilmyf/.m2/repository/org/codehaus/plexus/plexus-utils/3.0.10/plexus-utils-3.0.10.jar:/home/daffahilmyf/.m2/repository/org/apache/maven/maven-core/3.1.0/maven-core-3.1.0.jar:/home/daffahilmyf/.m2/repository/org/apache/maven/maven-settings/3.1.0/maven-settings-3.1.0.jar:/home/daffahilmyf/.m2/repository/org/apache/maven/maven-settings-builder/3.1.0/maven-settings-builder-3.1.0.jar:/home/daffahilmyf/.m2/repository/org/apache/maven/maven-repository-metadata/3.1.0/maven-repository-metadata-3.1.0.jar:/home/daffahilmyf/.m2/repository/org/apache/maven/maven-model-builder/3.1.0/maven-model-builder-3.1.0.jar:/home/daffahilmyf/.m2/repository/org/apache/maven/maven-aether-provider/3.1.0/maven-aether-provider-3.1.0.jar:/home/daffahilmyf/.m2/repository/org/eclipse/aether/aether-spi/0.9.0.M2/aether-spi-0.9.0.M2.jar:/home/daffahilmyf/.m2/repository/org/eclipse/aether/aether-impl/0.9.0.M2/aether-impl-0.9.0.M2.jar:/home/daffahilmyf/.m2/repository/org/eclipse/aether/aether-api/0.9.0.M2/aether-api-0.9.0.M2.jar:/home/daffahilmyf/.m2/repository/org/eclipse/aether/aether-util/0.9.0.M2/aether-util-0.9.0.M2.jar:/home/daffahilmyf/.m2/repository/org/eclipse/sisu/org.eclipse.sisu.plexus/0.0.0.M2a/org.eclipse.sisu.plexus-0.0.0.M2a.jar:/home/daffahilmyf/.m2/repository/javax/enterprise/cdi-api/1.0/cdi-api-1.0.jar:/home/daffahilmyf/.m2/repository/javax/annotation/jsr250-api/1.0/jsr250-api-1.0.jar:/home/daffahilmyf/.m2/repository/javax/inject/javax.inject/1/javax.inject-1.jar:/home/daffahilmyf/.m2/repository/com/google/guava/guava/10.0.1/guava-10.0.1.jar:/home/daffahilmyf/.m2/repository/com/google/code/findbugs/jsr305/1.3.9/jsr305-1.3.9.jar:/home/daffahilmyf/.m2/repository/org/sonatype/sisu/sisu-guice/3.1.0/sisu-guice-3.1.0-no_aop.jar:/home/daffahilmyf/.m2/repository/aopalliance/aopalliance/1.0/aopalliance-1.0.jar:/home/daffahilmyf/.m2/repository/org/eclipse/sisu/org.eclipse.sisu.inject/0.0.0.M2a/org.eclipse.sisu.inject-0.0.0.M2a.jar:/home/daffahilmyf/.m2/repository/asm/asm/3.3.1/asm-3.3.1.jar:/home/daffahilmyf/.m2/repository/org/codehaus/plexus/plexus-interpolation/1.16/plexus-interpolation-1.16.jar:/home/daffahilmyf/.m2/repository/org/codehaus/plexus/plexus-classworlds/2.4.2/plexus-classworlds-2.4.2.jar:/home/daffahilmyf/.m2/repository/org/codehaus/plexus/plexus-component-annotations/1.5.5/plexus-component-annotations-1.5.5.jar:/home/daffahilmyf/.m2/repository/org/sonatype/plexus/plexus-sec-dispatcher/1.3/plexus-sec-dispatcher-1.3.jar:/home/daffahilmyf/.m2/repository/org/sonatype/plexus/plexus-cipher/1.4/plexus-cipher-1.4.jar:/home/daffahilmyf/.m2/repository/org/apache/maven/maven-plugin-api/3.1.0/maven-plugin-api-3.1.0.jar:/home/daffahilmyf/.m2/repository/commons-io/commons-io/2.6/commons-io-2.6.jar:/home/daffahilmyf/.m2/repository/org/codehaus/plexus/plexus-java/1.1.1/plexus-java-1.1.1.jar:/home/daffahilmyf/.m2/repository/org/ow2/asm/asm/9.2/asm-9.2.jar:/home/daffahilmyf/.m2/repository/com/thoughtworks/qdox/qdox/2.0.1/qdox-2.0.1.jar:/home/daffahilmyf/.m2/repository/org/apache/maven/surefire/surefire-shared-utils/3.0.0-M7/surefire-shared-utils-3.0.0-M7.jar:"/>
    <property name="sun.cpu.endian" value="little"/>
    <property name="user.home" value="/home/daffahilmyf"/>
    <property name="user.language" value="en"/>
    <property name="java.specification.vendor" value="Oracle Corporation"/>
    <property name="java.version.date" value="2022-04-22"/>
    <property name="java.home" value="/usr/lib/jvm/jdk-18"/>
    <property name="file.separator" value="/"/>
    <property name="basedir" value="/home/daffahilmyf/Documents/Program/Java/Simple-Project-MKPL"/>
    <property name="java.vm.compressedOopsMode" value="Zero based"/>
    <property name="line.separator" value="&#10;"/>
    <property name="java.vm.specification.vendor" value="Oracle Corporation"/>
    <property name="java.specification.name" value="Java Platform API Specification"/>
    <property name="surefire.real.class.path" value="/home/daffahilmyf/Documents/Program/Java/Simple-Project-MKPL/target/surefire/surefirebooter-20220624190817217_3.jar"/>
    <property name="sun.management.compiler" value="HotSpot 64-Bit Tiered Compilers"/>
    <property name="java.runtime.version" value="18.0.1.1+2-6"/>
    <property name="user.name" value="daffahilmyf"/>
    <property name="path.separator" value=":"/>
    <property name="os.version" value="5.15.0-39-generic"/>
    <property name="java.runtime.name" value="Java(TM) SE Runtime Environment"/>
    <property name="file.encoding" value="UTF-8"/>
    <property name="java.vm.name" value="Java HotSpot(TM) 64-Bit Server VM"/>
    <property name="localRepository" value="/home/daffahilmyf/.m2/repository"/>
    <property name="java.vendor.url.bug" value="https://bugreport.java.com/bugreport/"/>
    <property name="java.io.tmpdir" value="/tmp"/>
    <property name="java.version" value="18.0.1.1"/>
    <property name="user.dir" value="/home/daffahilmyf/Documents/Program/Java/Simple-Project-MKPL"/>
    <property name="os.arch" value="amd64"/>
    <property name="java.vm.specification.name" value="Java Virtual Machine Specification"/>
    <property name="native.encoding" value="UTF-8"/>
    <property name="sonar.projectKey" value="DaffaHilmyF_MKPL-CI-CD-KEL01"/>
    <property name="java.library.path" value="/usr/java/packages/lib:/usr/lib64:/lib64:/lib:/usr/lib"/>
    <property name="java.vm.info" value="mixed mode, sharing"/>
    <property name="java.vendor" value="Oracle Corporation"/>
    <property name="java.vm.version" value="18.0.1.1+2-6"/>
    <property name="sun.io.unicode.encoding" value="UnicodeLittle"/>
    <property name="java.class.version" value="62.0"/>
  </properties>
  <testcase name="User successfully add new book #1" classname="Book" time="0.101"/>
  <testcase name="User successfully add new book #2" classname="Book" time="0.01"/>
  <testcase name="User successfully add new book #3" classname="Book" time="0.01"/>
  <testcase name="User successfully add new book #4" classname="Book" time="0.012"/>
  <testcase name="User tries to input incorrect title #1" classname="Book" time="0.012"/>
  <testcase name="User tries to input incorrect title #2" classname="Book" time="0.006"/>
  <testcase name="User tries to input incorrect description #1" classname="Book" time="0.007"/>
  <testcase name="User tries to input incorrect description #2" classname="Book" time="0.006"/>
  <testcase name="User tries to input incorrect description #3" classname="Book" time="0.005"/>
  <testcase name="User tries to input incorrect authors" classname="Book" time="0.006"/>
</testsuite>